Traceback (most recent call last):
  File "<frozen runpy>", line 198, in _run_module_as_main
  File "<frozen runpy>", line 88, in _run_code
  File "D:\Capegemini_Skillsync\backend\.venv\Scripts\uvicorn.exe\__main__.py", line 5, in <module>
    sys.exit(main())
             ~~~~^^
  File "D:\Capegemini_Skillsync\backend\.venv\Lib\site-packages\click\core.py", line 1524, in __call__
    return self.main(*args, **kwargs)
           ~~~~~~~~~^^^^^^^^^^^^^^^^^
  File "D:\Capegemini_Skillsync\backend\.venv\Lib\site-packages\click\core.py", line 1445, in main
    rv = self.invoke(ctx)
  File "D:\Capegemini_Skillsync\backend\.venv\Lib\site-packages\click\core.py", line 1308, in invoke
    return ctx.invoke(self.callback, **ctx.params)
           ~~~~~~~~~~^^^^^^^^^^^^^^^^^^^^^^^^^^^^^
  File "D:\Capegemini_Skillsync\backend\.venv\Lib\site-packages\click\core.py", line 877, in invoke
    return callback(*args, **kwargs)
  File "D:\Capegemini_Skillsync\backend\.venv\Lib\site-packages\uvicorn\main.py", line 413, in main
    run(
    ~~~^
        app,
        ^^^^
    ...<45 lines>...
        h11_max_incomplete_event_size=h11_max_incomplete_event_size,
        ^^^^^^^^^^^^^^^^^^^^^^^^^^^^^^^^^^^^^^^^^^^^^^^^^^^^^^^^^^^^
    )
    ^
  File "D:\Capegemini_Skillsync\backend\.venv\Lib\site-packages\uvicorn\main.py", line 580, in run
    server.run()
    ~~~~~~~~~~^^
  File "D:\Capegemini_Skillsync\backend\.venv\Lib\site-packages\uvicorn\server.py", line 66, in run
    return asyncio.run(self.serve(sockets=sockets))
           ~~~~~~~~~~~^^^^^^^^^^^^^^^^^^^^^^^^^^^^^
  File "C:\Program Files\Python313\Lib\asyncio\runners.py", line 194, in run
    return runner.run(main)
           ~~~~~~~~~~^^^^^^
  File "C:\Program Files\Python313\Lib\asyncio\runners.py", line 118, in run
    return self._loop.run_until_complete(task)
           ~~~~~~~~~~~~~~~~~~~~~~~~~~~~~^^^^^^
  File "C:\Program Files\Python313\Lib\asyncio\base_events.py", line 721, in run_until_complete
    return future.result()
           ~~~~~~~~~~~~~^^
  File "D:\Capegemini_Skillsync\backend\.venv\Lib\site-packages\uvicorn\server.py", line 70, in serve
    await self._serve(sockets)
  File "D:\Capegemini_Skillsync\backend\.venv\Lib\site-packages\uvicorn\server.py", line 77, in _serve
    config.load()
    ~~~~~~~~~~~^^
  File "D:\Capegemini_Skillsync\backend\.venv\Lib\site-packages\uvicorn\config.py", line 435, in load
    self.loaded_app = import_from_string(self.app)
                      ~~~~~~~~~~~~~~~~~~^^^^^^^^^^
  File "D:\Capegemini_Skillsync\backend\.venv\Lib\site-packages\uvicorn\importer.py", line 22, in import_from_string
    raise exc from None
  File "D:\Capegemini_Skillsync\backend\.venv\Lib\site-packages\uvicorn\importer.py", line 19, in import_from_string
    module = importlib.import_module(module_str)
  File "C:\Program Files\Python313\Lib\importlib\__init__.py", line 88, in import_module
    return _bootstrap._gcd_import(name[level:], package, level)
           ~~~~~~~~~~~~~~~~~~~~~~^^^^^^^^^^^^^^^^^^^^^^^^^^^^^^
  File "<frozen importlib._bootstrap>", line 1387, in _gcd_import
  File "<frozen importlib._bootstrap>", line 1360, in _find_and_load
  File "<frozen importlib._bootstrap>", line 1331, in _find_and_load_unlocked
  File "<frozen importlib._bootstrap>", line 935, in _load_unlocked
  File "<frozen importlib._bootstrap_external>", line 1022, in exec_module
  File "<frozen importlib._bootstrap>", line 488, in _call_with_frames_removed
  File "D:\Capegemini_Skillsync\backend\main.py", line 27, in <module>
    from backend.config import get_settings
ModuleNotFoundError: No module named 'backend'
